<?xml version="1.0" encoding="UTF-8"?>
<!-- Generated by org.testng.reporters.JUnitXMLReporter -->
<testsuite ignored="0" hostname="SeenaReddy" failures="0" tests="5" name="MyTestResults1.2" time="89.435" errors="0" timestamp="2024-09-21T19:23:20 MDT">
  <testcase classname="testScenarios.TS_01_Rigister" name="f" time="0.011"/>
  <testcase classname="testScenarios.TS_02_Login" name="f" time="43.955"/>
  <testcase classname="testScenarios.TS_03_LostYourPassword" name="f" time="29.124"/>
  <testcase classname="testScenarios.TS_04_shop_any_product_as_a_Guest" name="f" time="0.001"/>
  <testcase classname="testScenarios.XpathDemo" name="f" time="16.275"/>
</testsuite> <!-- MyTestResults1.2 -->
