<?xml version="1.0" encoding="UTF-8"?>
<!-- Generated by org.testng.reporters.JUnitXMLReporter -->
<testsuite ignored="0" hostname="SeenaReddy" failures="0" tests="4" name="MyTestResults1.1" time="81.732" errors="0" timestamp="2024-09-21T19:19:30 MDT">
  <testcase classname="testScenarios.TS_01_Rigister" name="f" time="0.01"/>
  <testcase classname="testScenarios.TS_02_Login" name="f" time="47.961"/>
  <testcase classname="testScenarios.TS_03_LostYourPassword" name="f" time="33.693"/>
  <testcase classname="testScenarios.TS_04_shop_any_product_as_a_Guest" name="f" time="0.008"/>
</testsuite> <!-- MyTestResults1.1 -->
