<?xml version="1.0" encoding="UTF-8"?>
<testng-results ignored="0" total="1" passed="1" failed="0" skipped="0">
  <reporter-output>
  </reporter-output>
  <suite started-at="2024-09-11T19:18:18 MDT" name="Default suite" finished-at="2024-09-11T19:18:49 MDT" duration-ms="30882">
    <groups>
    </groups>
    <test started-at="2024-09-11T19:18:18 MDT" name="Default test" finished-at="2024-09-11T19:18:49 MDT" duration-ms="30882">
      <class name="testScenarios.TS_01_Register">
        <test-method signature="f()[pri:0, instance:testScenarios.TS_01_Register@130d63be]" started-at="2024-09-11T19:18:18 MDT" name="f" finished-at="2024-09-11T19:18:49 MDT" duration-ms="30821" status="PASS">
          <reporter-output>
          </reporter-output>
        </test-method> <!-- f -->
      </class> <!-- testScenarios.TS_01_Register -->
    </test> <!-- Default test -->
  </suite> <!-- Default suite -->
</testng-results>
